Running: C:\Xilinx\14.2\ISE_DS\ISE\bin\nt64\unwrapped\fuse.exe -intstyle ise -incremental -lib unisims_ver -lib unimacro_ver -lib xilinxcorelib_ver -lib secureip -o X:/EC551/sd/t_command_isim_beh.exe -prj X:/EC551/sd/t_command_beh.prj work.t_command work.glbl 
ISim P.28xd (signature 0xa0883be4)
Number of CPUs detected in this system: 2
Turning on mult-threading, number of parallel sub-compilation jobs: 4 
Determining compilation order of HDL files
Analyzing Verilog file "X:/EC551/sd/response.v" into library work
Analyzing Verilog file "X:/EC551/sd/cmd_generater.v" into library work
Analyzing Verilog file "X:/EC551/sd/command.v" into library work
Analyzing Verilog file "X:/EC551/sd/t_command.v" into library work
Analyzing Verilog file "C:/Xilinx/14.2/ISE_DS/ISE//verilog/src/glbl.v" into library work
Starting static elaboration
Completed static elaboration
Compiling module cmd_generater
Compiling module response
Compiling module command
Compiling module t_command
Compiling module glbl
Time Resolution for simulation is 1ps.
Waiting for 1 sub-compilation(s) to finish...
Compiled 5 Verilog Units
Built simulation executable X:/EC551/sd/t_command_isim_beh.exe
Fuse Memory Usage: 27540 KB
Fuse CPU Usage: 592 ms
