Release 14.2 - ngc2edif P.28xd (nt64)
Copyright (c) 1995-2012 Xilinx, Inc.  All rights reserved.
Reading design bg_rom.ngc ...
WARNING:NetListWriters:298 - No output is written to bg_rom.xncf, ignored.
Processing design ...
   Preping design's networks ...
   Preping design's macros ...
  finished :Prep
Writing EDIF netlist file bg_rom.edif ...
ngc2edif: Total memory usage is 78356 kilobytes

Release 14.2 - ngc2edif P.28xd (nt64)
Copyright (c) 1995-2012 Xilinx, Inc.  All rights reserved.
Reading design bird_rom.ngc ...
WARNING:NetListWriters:298 - No output is written to bird_rom.xncf, ignored.
Processing design ...
   Preping design's networks ...
   Preping design's macros ...
  finished :Prep
Writing EDIF netlist file bird_rom.edif ...
ngc2edif: Total memory usage is 78036 kilobytes

Release 14.2 - ngc2edif P.28xd (nt64)
Copyright (c) 1995-2012 Xilinx, Inc.  All rights reserved.
Reading design pipe_rom.ngc ...
WARNING:NetListWriters:298 - No output is written to pipe_rom.xncf, ignored.
Processing design ...
   Preping design's networks ...
   Preping design's macros ...
  finished :Prep
Writing EDIF netlist file pipe_rom.edif ...
ngc2edif: Total memory usage is 79892 kilobytes

Release 14.2 - ngc2edif P.28xd (nt64)
Copyright (c) 1995-2012 Xilinx, Inc.  All rights reserved.
Reading design number_rom.ngc ...
WARNING:NetListWriters:298 - No output is written to number_rom.xncf, ignored.
Processing design ...
   Preping design's networks ...
   Preping design's macros ...
  finished :Prep
Writing EDIF netlist file number_rom.edif ...
ngc2edif: Total memory usage is 77332 kilobytes

Release 14.2 - ngc2edif P.28xd (nt64)
Copyright (c) 1995-2012 Xilinx, Inc.  All rights reserved.
Reading design word_rom.ngc ...
WARNING:NetListWriters:298 - No output is written to word_rom.xncf, ignored.
Processing design ...
   Preping design's networks ...
   Preping design's macros ...
  finished :Prep
Writing EDIF netlist file word_rom.edif ...
ngc2edif: Total memory usage is 77844 kilobytes

